<?xml version="1.0" encoding="UTF-8"?>
<!-- Generated by org.testng.reporters.JUnitReportReporter -->
<testsuite hostname="HO-GDC-SIG64" name="testcases.ui.SanityTest" tests="2" failures="0" timestamp="10 Jul 2020 15:44:45 GMT" time="72.947" errors="0">
  <testcase name="Sheet1" time="54.410" classname="testcases.ui.SanityTest"/>
  <testcase name="Sheet1" time="18.537" classname="testcases.ui.SanityTest"/>
</testsuite> <!-- testcases.ui.SanityTest -->
