<?xml version="1.0" encoding="UTF-8"?>
<!-- Generated by org.testng.reporters.JUnitReportReporter -->
<testsuite hostname="HO-GDC-SIG64" name="testcases.sameOrigin" tests="1" failures="0" timestamp="6 Jul 2020 12:42:22 GMT" time="23.074" errors="0">
  <testcase name="f" time="23.074" classname="testcases.sameOrigin"/>
</testsuite> <!-- testcases.sameOrigin -->
