<?xml version="1.0" encoding="UTF-8"?>
<!-- Generated by org.testng.reporters.JUnitReportReporter -->
<testsuite hostname="dell" name="testcases.ui.SanityTest" tests="2" failures="0" timestamp="14 Jul 2020 13:27:37 GMT" time="47.537" errors="0">
  <testcase name="Sheet1" time="12.307" classname="testcases.ui.SanityTest"/>
  <testcase name="Sheet1" time="35.230" classname="testcases.ui.SanityTest"/>
</testsuite> <!-- testcases.ui.SanityTest -->
