<?xml version="1.0" encoding="UTF-8"?>
<!-- Generated by org.testng.reporters.JUnitReportReporter -->
<testsuite skipped="0" hostname="HO-GDC-SIG64" name="testcases.SanityTest" tests="2" failures="0" timestamp="01 Jul 2020 18:16:43 GMT" time="22.536" errors="0">
  <testcase name="sanityTest" time="14.693" classname="testcases.SanityTest"/>
  <testcase name="addItemIntoCart" time="7.843" classname="testcases.SanityTest"/>
</testsuite> <!-- testcases.SanityTest -->
